<?xml version="1.0" encoding="UTF-8"?>
<!-- Generated by org.testng.reporters.JUnitReportReporter -->
<testsuite hostname="DESKTOP-M2Q40JK" name="com.demo.HelloWorldTest" tests="2" failures="0" timestamp="11 Dec 2018 14:39:50 GMT" time="0.012" errors="0">
  <testcase name="testOne" time="0.011" classname="com.demo.HelloWorldTest"/>
  <testcase name="testTwo" time="0.001" classname="com.demo.HelloWorldTest"/>
</testsuite> <!-- com.demo.HelloWorldTest -->
