<?xml version="1.0" encoding="UTF-8"?>
<!-- Generated by org.testng.reporters.JUnitReportReporter -->
<testsuite hostname="DESKTOP-M2Q40JK" name="com.demo.MyTest" tests="2" failures="0" timestamp="11 Dec 2018 14:37:09 GMT" time="0.008" errors="0">
  <testcase name="testOne" time="0.008" classname="com.demo.MyTest"/>
  <testcase name="testTwo" time="0.000" classname="com.demo.MyTest"/>
</testsuite> <!-- com.demo.MyTest -->
